2026-06-17T05:11:44.236Z SERVICE_START
2026-06-17T05:12:41.401Z CHAT_OK latencyMs=57
2026-06-17T05:12:41.479Z CHAT_OK latencyMs=42
2026-06-17T05:12:41.547Z CHAT_OK latencyMs=56
2026-06-17T05:12:41.624Z CHAT_OK latencyMs=68
2026-06-17T05:12:41.709Z CHAT_OK latencyMs=79
2026-06-17T05:12:41.785Z CHAT_OK latencyMs=68
2026-06-17T05:12:41.864Z CHAT_OK latencyMs=66
2026-06-17T05:12:41.943Z CHAT_OK latencyMs=70
2026-06-17T05:12:42.024Z CHAT_OK latencyMs=74
2026-06-17T05:12:42.100Z CHAT_OK latencyMs=68
2026-06-17T05:12:42.179Z CHAT_OK latencyMs=73
2026-06-17T05:12:42.241Z CHAT_OK latencyMs=57
2026-06-17T05:12:42.304Z CHAT_OK latencyMs=58
2026-06-17T05:12:42.381Z CHAT_OK latencyMs=68
2026-06-17T05:12:42.444Z CHAT_OK latencyMs=56
2026-06-17T05:12:42.525Z CHAT_OK latencyMs=75
2026-06-17T05:12:42.602Z CHAT_OK latencyMs=72
2026-06-17T05:12:42.664Z CHAT_OK latencyMs=53
2026-06-17T05:12:42.712Z CHAT_OK latencyMs=44
2026-06-17T05:12:42.784Z CHAT_OK latencyMs=67
2026-06-17T05:12:42.850Z CHAT_OK latencyMs=56
2026-06-17T05:12:42.945Z CHAT_OK latencyMs=83
2026-06-17T05:12:43.010Z CHAT_OK latencyMs=46
2026-06-17T05:12:43.099Z CHAT_OK latencyMs=71
2026-06-17T05:12:43.149Z CHAT_OK latencyMs=43
2026-06-17T05:12:43.249Z CHAT_OK latencyMs=84
2026-06-17T05:12:43.332Z CHAT_OK latencyMs=64
2026-06-17T05:12:43.429Z CHAT_OK latencyMs=69
2026-06-17T05:12:43.509Z CHAT_OK latencyMs=74
2026-06-17T05:12:43.588Z CHAT_OK latencyMs=75
2026-06-17T05:12:43.666Z CHAT_OK latencyMs=70
2026-06-17T05:12:43.750Z CHAT_OK latencyMs=77
2026-06-17T05:12:43.860Z CHAT_OK latencyMs=75
2026-06-17T05:12:43.949Z CHAT_OK latencyMs=82
2026-06-17T05:12:44.034Z CHAT_OK latencyMs=77
2026-06-17T05:12:44.180Z CHAT_OK latencyMs=100
2026-06-17T05:12:44.283Z CHAT_OK latencyMs=70
2026-06-17T05:12:44.362Z CHAT_OK latencyMs=71
2026-06-17T05:12:44.427Z CHAT_OK latencyMs=61
2026-06-17T05:12:44.502Z CHAT_OK latencyMs=70
2026-06-17T05:12:44.582Z CHAT_OK latencyMs=73
2026-06-17T05:12:44.648Z CHAT_OK latencyMs=62
2026-06-17T05:12:44.707Z CHAT_OK latencyMs=55
2026-06-17T05:12:44.760Z CHAT_OK latencyMs=46
2026-06-17T05:12:44.837Z CHAT_OK latencyMs=70
2026-06-17T05:12:44.906Z CHAT_OK latencyMs=60
2026-06-17T05:12:44.990Z CHAT_OK latencyMs=77
2026-06-17T05:12:45.071Z CHAT_OK latencyMs=75
2026-06-17T05:12:45.125Z CHAT_OK latencyMs=46
2026-06-17T05:12:45.192Z CHAT_OK latencyMs=61
2026-06-17T05:12:45.260Z CHAT_OK latencyMs=63
2026-06-17T05:12:45.341Z CHAT_OK latencyMs=73
2026-06-17T05:12:45.402Z CHAT_OK latencyMs=57
2026-06-17T05:12:45.471Z CHAT_OK latencyMs=59
2026-06-17T05:12:45.535Z CHAT_OK latencyMs=54
2026-06-17T05:12:45.634Z CHAT_OK latencyMs=90
2026-06-17T05:12:45.722Z CHAT_OK latencyMs=66
2026-06-17T05:12:45.807Z CHAT_OK latencyMs=76
2026-06-17T05:12:45.875Z CHAT_OK latencyMs=62
2026-06-17T05:12:45.937Z CHAT_OK latencyMs=57
2026-06-17T05:12:46.009Z CHAT_OK latencyMs=65
2026-06-17T05:12:46.075Z CHAT_OK latencyMs=60
2026-06-17T05:12:46.139Z CHAT_OK latencyMs=60
2026-06-17T05:12:46.202Z CHAT_OK latencyMs=58
2026-06-17T05:12:46.275Z CHAT_OK latencyMs=61
2026-06-17T05:12:46.369Z CHAT_OK latencyMs=88
2026-06-17T05:12:46.496Z CHAT_OK latencyMs=69
2026-06-17T05:12:46.604Z CHAT_OK latencyMs=70
2026-06-17T05:12:46.694Z CHAT_OK latencyMs=82
2026-06-17T05:12:46.770Z CHAT_OK latencyMs=50
2026-06-17T05:12:46.835Z CHAT_OK latencyMs=58
2026-06-17T05:12:46.907Z CHAT_OK latencyMs=65
2026-06-17T05:12:46.986Z CHAT_OK latencyMs=74
2026-06-17T05:12:47.059Z CHAT_OK latencyMs=65
2026-06-17T05:12:47.119Z CHAT_OK latencyMs=54
2026-06-17T05:12:47.191Z CHAT_OK latencyMs=64
2026-06-17T05:12:47.259Z CHAT_OK latencyMs=62
2026-06-17T05:12:47.323Z CHAT_OK latencyMs=59
2026-06-17T05:12:47.403Z CHAT_OK latencyMs=74
2026-06-17T05:12:47.470Z CHAT_OK latencyMs=61
2026-06-17T05:12:47.566Z INCIDENT_START
2026-06-17T05:12:50.078Z CHAT_OK latencyMs=1456
2026-06-17T05:12:51.401Z CHAT_FAILED latencyMs=1286
2026-06-17T05:12:52.191Z CHAT_OK latencyMs=768
2026-06-17T05:12:53.412Z CHAT_FAILED latencyMs=1203
2026-06-17T05:12:55.168Z CHAT_FAILED latencyMs=1732
2026-06-17T05:12:56.579Z CHAT_OK latencyMs=1402
2026-06-17T05:12:57.601Z CHAT_OK latencyMs=1014
2026-06-17T05:12:59.161Z CHAT_OK latencyMs=1514
2026-06-17T05:12:59.898Z CHAT_OK latencyMs=721
2026-06-17T05:13:00.766Z CHAT_FAILED latencyMs=859
2026-06-17T05:13:01.580Z CHAT_FAILED latencyMs=799
2026-06-17T05:13:03.498Z CHAT_FAILED latencyMs=1849
2026-06-17T05:13:05.078Z CHAT_FAILED latencyMs=1561
2026-06-17T05:13:06.995Z CHAT_OK latencyMs=1885
2026-06-17T05:13:08.117Z CHAT_OK latencyMs=1104
2026-06-17T05:13:09.915Z CHAT_FAILED latencyMs=1751
2026-06-17T05:13:10.747Z CHAT_OK latencyMs=813
2026-06-17T05:13:12.625Z CHAT_FAILED latencyMs=1861
2026-06-17T05:13:13.383Z CHAT_OK latencyMs=749
2026-06-17T05:13:14.181Z CHAT_FAILED latencyMs=763
2026-06-17T05:13:15.198Z CHAT_FAILED latencyMs=1007
2026-06-17T05:13:16.846Z CHAT_FAILED latencyMs=1630
2026-06-17T05:13:18.427Z CHAT_FAILED latencyMs=1561
2026-06-17T05:13:20.264Z CHAT_FAILED latencyMs=1829
2026-06-17T05:13:21.964Z CHAT_FAILED latencyMs=1689
2026-06-17T05:13:22.976Z CHAT_FAILED latencyMs=984
2026-06-17T05:13:24.441Z CHAT_OK latencyMs=1455
2026-06-17T05:13:26.165Z CHAT_OK latencyMs=1718
2026-06-17T05:13:28.052Z CHAT_FAILED latencyMs=1863
2026-06-17T05:13:29.968Z CHAT_OK latencyMs=1901
2026-06-17T05:13:30.973Z CHAT_FAILED latencyMs=968
2026-06-17T05:13:32.012Z CHAT_FAILED latencyMs=1035
2026-06-17T05:13:33.129Z CHAT_OK latencyMs=1099
2026-06-17T05:13:34.647Z CHAT_FAILED latencyMs=1508
2026-06-17T05:13:36.176Z CHAT_OK latencyMs=1477
2026-06-17T05:13:37.995Z CHAT_FAILED latencyMs=1810
2026-06-17T05:13:39.511Z CHAT_OK latencyMs=1510
2026-06-17T05:13:41.391Z CHAT_FAILED latencyMs=1862
2026-06-17T05:13:42.864Z CHAT_OK latencyMs=1466
2026-06-17T05:13:44.050Z CHAT_FAILED latencyMs=1182
2026-06-17T05:13:45.827Z CHAT_FAILED latencyMs=1766
2026-06-17T05:13:47.076Z CHAT_OK latencyMs=1211
2026-06-17T05:13:47.963Z CHAT_OK latencyMs=880
2026-06-17T05:13:49.228Z CHAT_OK latencyMs=1261
2026-06-17T05:13:50.401Z CHAT_FAILED latencyMs=1150
2026-06-17T05:13:51.316Z CHAT_OK latencyMs=881
2026-06-17T05:13:52.664Z CHAT_OK latencyMs=1284
2026-06-17T05:13:54.127Z CHAT_OK latencyMs=1434
2026-06-17T05:13:55.374Z CHAT_OK latencyMs=1194
2026-06-17T05:13:57.151Z CHAT_FAILED latencyMs=1749
2026-06-17T05:13:58.867Z CHAT_FAILED latencyMs=1687
2026-06-17T05:13:59.847Z CHAT_OK latencyMs=946
2026-06-17T05:14:01.493Z CHAT_FAILED latencyMs=1623
2026-06-17T05:14:03.191Z CHAT_OK latencyMs=1557
2026-06-17T05:14:04.475Z CHAT_OK latencyMs=1242
2026-06-17T05:14:06.016Z CHAT_FAILED latencyMs=1500
2026-06-17T05:14:07.462Z CHAT_OK latencyMs=1413
2026-06-17T05:14:08.579Z CHAT_OK latencyMs=1079
2026-06-17T05:14:09.877Z CHAT_FAILED latencyMs=1254
2026-06-17T05:14:11.710Z CHAT_FAILED latencyMs=1742
2026-06-17T05:14:13.551Z CHAT_OK latencyMs=1739
2026-06-17T05:14:14.700Z CHAT_FAILED latencyMs=1099
2026-06-17T05:14:16.642Z CHAT_OK latencyMs=1889
2026-06-17T05:14:18.078Z CHAT_OK latencyMs=1193
2026-06-17T05:14:19.298Z CHAT_OK latencyMs=1098
2026-06-17T05:14:20.468Z CHAT_FAILED latencyMs=1153
2026-06-17T05:14:21.658Z CHAT_FAILED latencyMs=1179
2026-06-17T05:14:23.480Z CHAT_OK latencyMs=1663
2026-06-17T05:14:24.697Z CHAT_OK latencyMs=1172
2026-06-17T05:14:25.685Z CHAT_FAILED latencyMs=950
2026-06-17T05:14:27.246Z CHAT_OK latencyMs=1492
2026-06-17T05:14:28.185Z CHAT_FAILED latencyMs=919
2026-06-17T05:14:29.724Z CHAT_FAILED latencyMs=1478
2026-06-17T05:14:31.479Z CHAT_OK latencyMs=1699
2026-06-17T05:14:32.702Z CHAT_FAILED latencyMs=1172
2026-06-17T05:14:34.011Z CHAT_FAILED latencyMs=1295
2026-06-17T05:14:35.763Z CHAT_OK latencyMs=1662
2026-06-17T05:14:37.047Z CHAT_FAILED latencyMs=983
2026-06-17T05:14:38.113Z CHAT_FAILED latencyMs=947
2026-06-17T05:14:39.160Z CHAT_OK latencyMs=1041
2026-06-17T05:14:39.904Z INCIDENT_STOP
2026-06-17T05:14:44.061Z INCIDENT_STOP
2026-06-17T05:14:44.159Z CHAT_OK latencyMs=59
2026-06-17T05:14:44.220Z CHAT_OK latencyMs=52
2026-06-17T05:14:44.286Z CHAT_OK latencyMs=60
2026-06-17T05:14:44.369Z CHAT_OK latencyMs=78
2026-06-17T05:14:44.430Z CHAT_OK latencyMs=56
2026-06-17T05:14:44.510Z CHAT_OK latencyMs=75
2026-06-17T05:14:44.591Z CHAT_OK latencyMs=71
2026-06-17T05:14:44.658Z CHAT_OK latencyMs=60
2026-06-17T05:14:44.733Z CHAT_OK latencyMs=68
2026-06-17T05:14:44.796Z CHAT_OK latencyMs=56
2026-06-17T05:14:44.858Z CHAT_OK latencyMs=57
2026-06-17T05:14:44.912Z CHAT_OK latencyMs=48
2026-06-17T05:14:44.965Z CHAT_OK latencyMs=48
2026-06-17T05:14:45.150Z CHAT_OK latencyMs=180
2026-06-17T05:14:45.255Z CHAT_OK latencyMs=70
2026-06-17T05:14:45.378Z CHAT_OK latencyMs=115
2026-06-17T05:14:45.512Z CHAT_OK latencyMs=128
2026-06-17T05:14:45.587Z CHAT_OK latencyMs=69
2026-06-17T05:14:45.658Z CHAT_OK latencyMs=65
2026-06-17T05:14:45.718Z CHAT_OK latencyMs=55
2026-06-17T05:14:45.799Z CHAT_OK latencyMs=69
2026-06-17T05:14:45.878Z CHAT_OK latencyMs=69
2026-06-17T05:14:45.932Z CHAT_OK latencyMs=50
2026-06-17T05:14:46.010Z CHAT_OK latencyMs=73
2026-06-17T05:14:46.084Z CHAT_OK latencyMs=69
2026-06-17T05:18:47.322Z SERVICE_START
2026-06-17T05:18:48.406Z CHAT_OK latencyMs=68
2026-06-17T05:18:48.503Z CHAT_OK latencyMs=60
2026-06-17T05:18:48.570Z CHAT_OK latencyMs=55
2026-06-17T05:18:48.635Z CHAT_OK latencyMs=57
2026-06-17T05:18:48.704Z CHAT_OK latencyMs=61
2026-06-17T05:18:48.782Z CHAT_OK latencyMs=70
2026-06-17T05:18:48.894Z CHAT_OK latencyMs=64
2026-06-17T05:18:48.990Z CHAT_OK latencyMs=47
2026-06-17T05:18:49.077Z CHAT_OK latencyMs=78
2026-06-17T05:18:49.156Z CHAT_OK latencyMs=65
2026-06-17T05:18:49.240Z CHAT_OK latencyMs=76
2026-06-17T05:18:49.306Z CHAT_OK latencyMs=59
2026-06-17T05:18:49.372Z CHAT_OK latencyMs=60
2026-06-17T05:18:49.442Z CHAT_OK latencyMs=65
2026-06-17T05:18:49.501Z CHAT_OK latencyMs=53
2026-06-17T05:18:49.567Z CHAT_OK latencyMs=61
2026-06-17T05:18:49.645Z CHAT_OK latencyMs=71
2026-06-17T05:18:49.707Z CHAT_OK latencyMs=58
2026-06-17T05:18:49.787Z CHAT_OK latencyMs=74
2026-06-17T05:18:49.868Z CHAT_OK latencyMs=71
2026-06-17T05:18:49.962Z CHAT_OK latencyMs=85
2026-06-17T05:18:50.052Z CHAT_OK latencyMs=56
2026-06-17T05:18:50.123Z CHAT_OK latencyMs=66
2026-06-17T05:18:50.186Z CHAT_OK latencyMs=59
2026-06-17T05:18:50.256Z CHAT_OK latencyMs=61
2026-06-17T05:18:50.305Z CHAT_OK latencyMs=44
2026-06-17T05:18:50.388Z CHAT_OK latencyMs=78
2026-06-17T05:18:50.438Z CHAT_OK latencyMs=45
2026-06-17T05:18:50.508Z CHAT_OK latencyMs=65
2026-06-17T05:18:50.593Z CHAT_OK latencyMs=79
2026-06-17T05:18:50.659Z CHAT_OK latencyMs=60
2026-06-17T05:18:50.707Z CHAT_OK latencyMs=43
2026-06-17T05:18:50.773Z CHAT_OK latencyMs=61
2026-06-17T05:18:50.856Z CHAT_OK latencyMs=78
2026-06-17T05:18:50.902Z CHAT_OK latencyMs=41
2026-06-17T05:18:50.969Z CHAT_OK latencyMs=58
2026-06-17T05:18:51.022Z CHAT_OK latencyMs=48
2026-06-17T05:18:51.087Z CHAT_OK latencyMs=59
2026-06-17T05:18:51.141Z CHAT_OK latencyMs=49
2026-06-17T05:18:51.219Z CHAT_OK latencyMs=74
2026-06-17T05:18:51.290Z CHAT_OK latencyMs=66
2026-06-17T05:18:51.370Z CHAT_OK latencyMs=73
2026-06-17T05:18:51.420Z CHAT_OK latencyMs=41
2026-06-17T05:18:51.469Z CHAT_OK latencyMs=44
2026-06-17T05:18:51.535Z CHAT_OK latencyMs=60
2026-06-17T05:18:51.589Z CHAT_OK latencyMs=48
2026-06-17T05:18:51.637Z CHAT_OK latencyMs=44
2026-06-17T05:18:51.720Z CHAT_OK latencyMs=76
2026-06-17T05:18:51.771Z CHAT_OK latencyMs=45
2026-06-17T05:18:51.855Z CHAT_OK latencyMs=79
2026-06-17T05:18:51.906Z CHAT_OK latencyMs=47
2026-06-17T05:18:51.990Z CHAT_OK latencyMs=79
2026-06-17T05:18:52.053Z CHAT_OK latencyMs=56
2026-06-17T05:18:52.123Z CHAT_OK latencyMs=62
2026-06-17T05:18:52.190Z CHAT_OK latencyMs=61
2026-06-17T05:18:52.253Z CHAT_OK latencyMs=58
2026-06-17T05:18:52.320Z CHAT_OK latencyMs=61
2026-06-17T05:18:52.379Z CHAT_OK latencyMs=53
2026-06-17T05:18:52.456Z CHAT_OK latencyMs=73
2026-06-17T05:18:52.522Z CHAT_OK latencyMs=62
2026-06-17T05:18:52.571Z CHAT_OK latencyMs=45
2026-06-17T05:18:52.628Z CHAT_OK latencyMs=51
2026-06-17T05:18:52.688Z CHAT_OK latencyMs=54
2026-06-17T05:18:52.739Z CHAT_OK latencyMs=44
2026-06-17T05:18:52.803Z CHAT_OK latencyMs=58
2026-06-17T05:18:52.887Z CHAT_OK latencyMs=75
2026-06-17T05:18:52.970Z CHAT_OK latencyMs=74
2026-06-17T05:18:53.060Z CHAT_OK latencyMs=84
2026-06-17T05:18:53.145Z CHAT_OK latencyMs=77
2026-06-17T05:18:53.220Z CHAT_OK latencyMs=65
2026-06-17T05:18:53.306Z CHAT_OK latencyMs=80
2026-06-17T05:18:53.374Z CHAT_OK latencyMs=63
2026-06-17T05:18:53.439Z CHAT_OK latencyMs=60
2026-06-17T05:18:53.507Z CHAT_OK latencyMs=62
2026-06-17T05:18:53.576Z CHAT_OK latencyMs=63
2026-06-17T05:18:53.653Z CHAT_OK latencyMs=72
2026-06-17T05:18:53.742Z CHAT_OK latencyMs=82
2026-06-17T05:18:53.819Z CHAT_OK latencyMs=72
2026-06-17T05:18:53.902Z CHAT_OK latencyMs=76
2026-06-17T05:18:53.972Z CHAT_OK latencyMs=65
2026-06-17T05:18:54.284Z INCIDENT_START
2026-06-17T05:18:57.262Z CHAT_FAILED latencyMs=1453
2026-06-17T05:18:58.827Z CHAT_FAILED latencyMs=1269
2026-06-17T05:18:59.734Z CHAT_FAILED latencyMs=867
2026-06-17T05:19:01.065Z CHAT_OK latencyMs=1269
2026-06-17T05:19:02.678Z CHAT_FAILED latencyMs=1577
2026-06-17T05:19:04.597Z CHAT_OK latencyMs=1899
2026-06-17T05:19:06.007Z CHAT_FAILED latencyMs=1387
2026-06-17T05:19:07.678Z CHAT_OK latencyMs=1604
2026-06-17T05:19:08.878Z CHAT_FAILED latencyMs=1146
2026-06-17T05:19:10.851Z CHAT_FAILED latencyMs=1955
2026-06-17T05:19:12.146Z CHAT_FAILED latencyMs=1231
2026-06-17T05:19:13.770Z CHAT_OK latencyMs=1522
2026-06-17T05:19:15.895Z CHAT_OK latencyMs=1764
2026-06-17T05:19:17.210Z CHAT_FAILED latencyMs=1207
2026-06-17T05:19:18.379Z CHAT_OK latencyMs=1080
2026-06-17T05:19:19.674Z CHAT_FAILED latencyMs=1209
2026-06-17T05:19:20.730Z CHAT_OK latencyMs=1019
2026-06-17T05:19:21.648Z CHAT_FAILED latencyMs=849
2026-06-17T05:19:23.498Z CHAT_FAILED latencyMs=1616
2026-06-17T05:19:24.783Z CHAT_OK latencyMs=1200
2026-06-17T05:19:26.386Z CHAT_FAILED latencyMs=1514
2026-06-17T05:19:27.771Z CHAT_OK latencyMs=1086
2026-06-17T05:19:29.334Z CHAT_OK latencyMs=1558
2026-06-17T05:19:31.153Z CHAT_FAILED latencyMs=1813
2026-06-17T05:19:32.120Z CHAT_OK latencyMs=962
2026-06-17T05:19:33.186Z CHAT_FAILED latencyMs=1061
2026-06-17T05:19:34.285Z CHAT_FAILED latencyMs=1058
2026-06-17T05:19:35.320Z CHAT_FAILED latencyMs=1021
2026-06-17T05:19:36.870Z CHAT_FAILED latencyMs=1537
2026-06-17T05:19:37.635Z CHAT_OK latencyMs=758
2026-06-17T05:19:39.434Z CHAT_FAILED latencyMs=1723
2026-06-17T05:19:40.580Z CHAT_OK latencyMs=1082
2026-06-17T05:19:41.714Z CHAT_OK latencyMs=1116
2026-06-17T05:19:42.912Z CHAT_OK latencyMs=1089
2026-06-17T05:19:44.048Z CHAT_OK latencyMs=1096
2026-06-17T05:19:44.928Z CHAT_OK latencyMs=851
2026-06-17T05:19:46.480Z CHAT_OK latencyMs=1532
2026-06-17T05:19:47.478Z CHAT_FAILED latencyMs=965
2026-06-17T05:19:49.372Z CHAT_FAILED latencyMs=1884
2026-06-17T05:19:50.962Z CHAT_FAILED latencyMs=1562
2026-06-17T05:19:52.376Z CHAT_OK latencyMs=1244
2026-06-17T05:19:53.174Z CHAT_FAILED latencyMs=760
2026-06-17T05:19:54.356Z CHAT_FAILED latencyMs=1177
2026-06-17T05:19:55.794Z CHAT_FAILED latencyMs=1419
2026-06-17T05:19:57.425Z CHAT_OK latencyMs=1620
2026-06-17T05:19:58.611Z CHAT_FAILED latencyMs=1168
2026-06-17T05:19:59.976Z CHAT_FAILED latencyMs=1360
2026-06-17T05:20:01.460Z CHAT_FAILED latencyMs=1475
2026-06-17T05:20:03.162Z CHAT_OK latencyMs=1665
2026-06-17T05:20:05.004Z CHAT_OK latencyMs=1762
2026-06-17T05:20:06.020Z CHAT_OK latencyMs=1008
2026-06-17T05:20:07.291Z CHAT_FAILED latencyMs=1264
2026-06-17T05:20:08.963Z CHAT_OK latencyMs=1633
2026-06-17T05:20:10.143Z CHAT_FAILED latencyMs=1131
2026-06-17T05:20:10.964Z CHAT_OK latencyMs=769
2026-06-17T05:20:12.830Z CHAT_OK latencyMs=1740
2026-06-17T05:20:13.845Z CHAT_OK latencyMs=938
2026-06-17T05:20:14.900Z CHAT_FAILED latencyMs=1006
2026-06-17T05:20:15.845Z CHAT_OK latencyMs=869
2026-06-17T05:20:16.993Z CHAT_FAILED latencyMs=1133
2026-06-17T05:20:17.972Z CHAT_OK latencyMs=973
2026-06-17T05:20:19.694Z CHAT_OK latencyMs=1711
2026-06-17T05:20:21.410Z CHAT_OK latencyMs=1711
2026-06-17T05:20:23.320Z CHAT_OK latencyMs=1868
2026-06-17T05:20:24.158Z CHAT_OK latencyMs=748
2026-06-17T05:20:25.240Z CHAT_OK latencyMs=1059
2026-06-17T05:20:26.126Z CHAT_OK latencyMs=762
2026-06-17T05:20:28.013Z CHAT_OK latencyMs=1865
2026-06-17T05:20:29.141Z CHAT_OK latencyMs=1115
2026-06-17T05:20:30.113Z CHAT_FAILED latencyMs=935
2026-06-17T05:20:31.832Z CHAT_FAILED latencyMs=1668
